<?xml version="1.0" encoding="UTF-8"?>
<!-- Generated by org.testng.reporters.JUnitXMLReporter -->
<testsuite hostname="Admin-PC" ignored="0" name="Free CRM App Chrome Test Cases" tests="7" failures="1" timestamp="20 Jul 2019 10:39:28 GMT" time="167.01" errors="0">
  <testcase name="loginPageTitleTest" time="0.031" classname="com.crm.qa.TestCases.LoginPageTest"/>
  <testcase name="verifyHomePageTitleTest" time="0.016" classname="com.crm.qa.TestCases.HomePageTest">
    <failure type="java.lang.AssertionError" message="Home Page Title is not Matched expected [CRMPRO] but found [CRMPRO - CRM software for customer relationship management, sales, and support.]">
      <![CDATA[java.lang.AssertionError: Home Page Title is not Matched expected [CRMPRO] but found [CRMPRO - CRM software for customer relationship management, sales, and support.]
	at com.crm.qa.TestCases.HomePageTest.verifyHomePageTitleTest(HomePageTest.java:51)
... Removed 30 stack frames]]>
    </failure>
  </testcase> <!-- verifyHomePageTitleTest -->
  <testcase name="crmLogoImageTest" time="0.126" classname="com.crm.qa.TestCases.LoginPageTest"/>
  <testcase name="verifyUserNameTest" time="6.031" classname="com.crm.qa.TestCases.HomePageTest"/>
  <testcase name="loginTest" time="0.235" classname="com.crm.qa.TestCases.LoginPageTest"/>
  <testcase name="verifyContactsLinkTest" time="9.593" classname="com.crm.qa.TestCases.HomePageTest"/>
  <testcase name="verifyDealsPageLinkTest" time="10.795" classname="com.crm.qa.TestCases.HomePageTest"/>
</testsuite> <!-- Free CRM App Chrome Test Cases -->
