<?xml version="1.0" encoding="UTF-8"?>
<!-- Generated by org.testng.reporters.JUnitXMLReporter -->
<testsuite hostname="Admin-PC" ignored="0" name="Default test" tests="3" failures="0" timestamp="07 Jul 2019 10:44:06 GMT" time="80.194" errors="0">
  <testcase name="loginPageTitleTest" time="0.038" classname="com.crm.qa.TestCases.LoginPageTest"/>
  <testcase name="crmLogoImageTest" time="0.168" classname="com.crm.qa.TestCases.LoginPageTest"/>
  <testcase name="loginTest" time="18.106" classname="com.crm.qa.TestCases.LoginPageTest"/>
</testsuite> <!-- Default test -->
